<?xml version="1.0" encoding="UTF-8"?>
<!-- Generated by org.testng.reporters.JUnitReportReporter -->
<testsuite hostname="DESKTOP-DP1UUO0" failures="0" tests="7" name="cucumberoptions.TestNGRunner" time="0.169" errors="0" timestamp="2024-10-04T09:53:04 IST" skipped="0">
  <testcase classname="cucumberoptions.TestNGRunner" name="runScenario" time="0.101"/>
  <testcase classname="cucumberoptions.TestNGRunner" name="runScenario" time="0.011"/>
  <testcase classname="cucumberoptions.TestNGRunner" name="runScenario" time="0.008"/>
  <testcase classname="cucumberoptions.TestNGRunner" name="runScenario" time="0.015"/>
  <testcase classname="cucumberoptions.TestNGRunner" name="runScenario" time="0.012"/>
  <testcase classname="cucumberoptions.TestNGRunner" name="runScenario" time="0.009"/>
  <testcase classname="cucumberoptions.TestNGRunner" name="runScenario" time="0.013"/>
</testsuite> <!-- cucumberoptions.TestNGRunner -->
